[0.803s] Invoking command in '/home/hemraj/ros2_ws/build/my_robot_controller': PYTHONPATH=/home/hemraj/ros2_ws/build/my_robot_controller/prefix_override:/home/hemraj/ros2_ws/install/my_robot_controller/lib/python3.10/site-packages:${PYTHONPATH} /usr/bin/python3 -W ignore:setup.py install is deprecated setup.py develop --editable --build-directory /home/hemraj/ros2_ws/build/my_robot_controller/build --no-deps symlink_data
[1.121s] running develop
[1.144s] /usr/lib/python3/dist-packages/setuptools/command/easy_install.py:158: EasyInstallDeprecationWarning: easy_install command is deprecated. Use build and pip and other standards-based tools.
[1.144s]   warnings.warn(
[1.320s] running egg_info
[1.320s] writing my_robot_controller.egg-info/PKG-INFO
[1.321s] writing dependency_links to my_robot_controller.egg-info/dependency_links.txt
[1.322s] writing entry points to my_robot_controller.egg-info/entry_points.txt
[1.322s] writing requirements to my_robot_controller.egg-info/requires.txt
[1.322s] writing top-level names to my_robot_controller.egg-info/top_level.txt
[1.327s] reading manifest file 'my_robot_controller.egg-info/SOURCES.txt'
[1.328s] writing manifest file 'my_robot_controller.egg-info/SOURCES.txt'
[1.330s] running build_ext
[1.331s] Creating /home/hemraj/ros2_ws/install/my_robot_controller/lib/python3.10/site-packages/my-robot-controller.egg-link (link to .)
[1.332s] Installing draw_circle script to /home/hemraj/ros2_ws/install/my_robot_controller/lib/my_robot_controller
[1.332s] Installing pose_subscriber script to /home/hemraj/ros2_ws/install/my_robot_controller/lib/my_robot_controller
[1.332s] Installing test_node script to /home/hemraj/ros2_ws/install/my_robot_controller/lib/my_robot_controller
[1.332s] 
[1.332s] Installed /home/hemraj/ros2_ws/build/my_robot_controller
[1.333s] running symlink_data
[1.382s] Invoked command in '/home/hemraj/ros2_ws/build/my_robot_controller' returned '0': PYTHONPATH=/home/hemraj/ros2_ws/build/my_robot_controller/prefix_override:/home/hemraj/ros2_ws/install/my_robot_controller/lib/python3.10/site-packages:${PYTHONPATH} /usr/bin/python3 -W ignore:setup.py install is deprecated setup.py develop --editable --build-directory /home/hemraj/ros2_ws/build/my_robot_controller/build --no-deps symlink_data
