[0.786s] Invoking command in '/home/hemraj/ros2_ws/build/my_robot_controller': PYTHONPATH=/home/hemraj/ros2_ws/build/my_robot_controller/prefix_override:/home/hemraj/ros2_ws/install/my_robot_controller/lib/python3.10/site-packages:${PYTHONPATH} /usr/bin/python3 -W ignore:setup.py install is deprecated setup.py develop --editable --build-directory /home/hemraj/ros2_ws/build/my_robot_controller/build --no-deps symlink_data
[1.117s] running develop
[1.118s] /usr/lib/python3/dist-packages/setuptools/command/easy_install.py:158: EasyInstallDeprecationWarning: easy_install command is deprecated. Use build and pip and other standards-based tools.
[1.118s]   warnings.warn(
[1.313s] running egg_info
[1.313s] writing my_robot_controller.egg-info/PKG-INFO
[1.314s] writing dependency_links to my_robot_controller.egg-info/dependency_links.txt
[1.314s] writing entry points to my_robot_controller.egg-info/entry_points.txt
[1.314s] writing requirements to my_robot_controller.egg-info/requires.txt
[1.314s] writing top-level names to my_robot_controller.egg-info/top_level.txt
[1.316s] reading manifest file 'my_robot_controller.egg-info/SOURCES.txt'
[1.318s] writing manifest file 'my_robot_controller.egg-info/SOURCES.txt'
[1.319s] running build_ext
[1.319s] Creating /home/hemraj/ros2_ws/install/my_robot_controller/lib/python3.10/site-packages/my-robot-controller.egg-link (link to .)
[1.321s] Installing draw_circle script to /home/hemraj/ros2_ws/install/my_robot_controller/lib/my_robot_controller
[1.321s] Installing pose_subscriber script to /home/hemraj/ros2_ws/install/my_robot_controller/lib/my_robot_controller
[1.321s] Installing test_node script to /home/hemraj/ros2_ws/install/my_robot_controller/lib/my_robot_controller
[1.321s] Installing turtle_controller script to /home/hemraj/ros2_ws/install/my_robot_controller/lib/my_robot_controller
[1.321s] 
[1.322s] Installed /home/hemraj/ros2_ws/build/my_robot_controller
[1.322s] running symlink_data
[1.366s] Invoked command in '/home/hemraj/ros2_ws/build/my_robot_controller' returned '0': PYTHONPATH=/home/hemraj/ros2_ws/build/my_robot_controller/prefix_override:/home/hemraj/ros2_ws/install/my_robot_controller/lib/python3.10/site-packages:${PYTHONPATH} /usr/bin/python3 -W ignore:setup.py install is deprecated setup.py develop --editable --build-directory /home/hemraj/ros2_ws/build/my_robot_controller/build --no-deps symlink_data
