[0.019s] Invoking command in '/home/hemraj/learn_ros2_ws/build/my_package': CMAKE_PREFIX_PATH=/home/hemraj/ros2_ws/install/my_robot_controller:/opt/ros/humble /usr/bin/cmake /home/hemraj/learn_ros2_ws/src/my_first_pkg -DAMENT_CMAKE_SYMLINK_INSTALL=1 -DCMAKE_INSTALL_PREFIX=/home/hemraj/learn_ros2_ws/install/my_package
[0.035s] -- Found ament_cmake: 1.3.9 (/opt/ros/humble/share/ament_cmake/cmake)
[0.190s] -- Override CMake install command with custom implementation using symlinks instead of copying resources
[0.200s] -- Found ament_lint_auto: 0.12.11 (/opt/ros/humble/share/ament_lint_auto/cmake)
[0.295s] -- Added test 'cppcheck' to perform static code analysis on C / C++ code
[0.295s] -- Configured cppcheck include dirs: $<BUILD_INTERFACE:/home/hemraj/learn_ros2_ws/src/my_first_pkg/include>
[0.295s] -- Configured cppcheck exclude dirs and/or files: 
[0.296s] -- Added test 'flake8' to check Python code syntax and style conventions
[0.299s] -- Added test 'lint_cmake' to check CMake code style
[0.300s] -- Added test 'pep257' to check Python code against some of the docstring style conventions in PEP 257
[0.310s] -- Added test 'uncrustify' to check C / C++ code style
[0.310s] -- Configured uncrustify additional arguments: 
[0.311s] -- Added test 'xmllint' to check XML markup files
[0.312s] -- Configuring done
[0.319s] -- Generating done
[0.320s] -- Build files have been written to: /home/hemraj/learn_ros2_ws/build/my_package
[0.325s] Invoked command in '/home/hemraj/learn_ros2_ws/build/my_package' returned '0': CMAKE_PREFIX_PATH=/home/hemraj/ros2_ws/install/my_robot_controller:/opt/ros/humble /usr/bin/cmake /home/hemraj/learn_ros2_ws/src/my_first_pkg -DAMENT_CMAKE_SYMLINK_INSTALL=1 -DCMAKE_INSTALL_PREFIX=/home/hemraj/learn_ros2_ws/install/my_package
[0.328s] Invoking command in '/home/hemraj/learn_ros2_ws/build/my_package': CMAKE_PREFIX_PATH=/home/hemraj/ros2_ws/install/my_robot_controller:/opt/ros/humble /usr/bin/cmake --build /home/hemraj/learn_ros2_ws/build/my_package -- -j6 -l6
[0.392s] [ 50%] [32mBuilding CXX object CMakeFiles/my_node.dir/src/my_node.cpp.o[0m
[0.446s] [100%] [32m[1mLinking CXX executable my_node[0m
[0.509s] [100%] Built target my_node
[0.524s] Invoked command in '/home/hemraj/learn_ros2_ws/build/my_package' returned '0': CMAKE_PREFIX_PATH=/home/hemraj/ros2_ws/install/my_robot_controller:/opt/ros/humble /usr/bin/cmake --build /home/hemraj/learn_ros2_ws/build/my_package -- -j6 -l6
[0.575s] Invoking command in '/home/hemraj/learn_ros2_ws/build/my_package': CMAKE_PREFIX_PATH=/home/hemraj/ros2_ws/install/my_robot_controller:/opt/ros/humble /usr/bin/cmake --install /home/hemraj/learn_ros2_ws/build/my_package
[0.583s] -- Install configuration: ""
[0.584s] -- Execute custom install script
[0.584s] -- Symlinking: /home/hemraj/learn_ros2_ws/install/my_package/lib/my_package/my_node
[0.596s] -- Symlinking: /home/hemraj/learn_ros2_ws/install/my_package/share/my_package//launch/display.launch.py
[0.608s] -- Symlinking: /home/hemraj/learn_ros2_ws/install/my_package/share/my_package//launch/gazebo.launch.py
[0.621s] -- Symlinking: /home/hemraj/learn_ros2_ws/install/my_package/share/my_package//urdf/my_robot.urdf
[0.633s] -- Symlinking: /home/hemraj/learn_ros2_ws/install/my_package/share/my_package//rviz/config.rviz
[0.645s] -- Symlinking: /home/hemraj/learn_ros2_ws/install/my_package/share/ament_index/resource_index/package_run_dependencies/my_package
[0.658s] -- Symlinking: /home/hemraj/learn_ros2_ws/install/my_package/share/ament_index/resource_index/parent_prefix_path/my_package
[0.670s] -- Symlinking: /home/hemraj/learn_ros2_ws/install/my_package/share/my_package/environment/ament_prefix_path.sh
[0.683s] -- Symlinking: /home/hemraj/learn_ros2_ws/install/my_package/share/my_package/environment/ament_prefix_path.dsv
[0.695s] -- Symlinking: /home/hemraj/learn_ros2_ws/install/my_package/share/my_package/environment/path.sh
[0.708s] -- Symlinking: /home/hemraj/learn_ros2_ws/install/my_package/share/my_package/environment/path.dsv
[0.720s] -- Symlinking: /home/hemraj/learn_ros2_ws/install/my_package/share/my_package/local_setup.bash
[0.733s] -- Symlinking: /home/hemraj/learn_ros2_ws/install/my_package/share/my_package/local_setup.sh
[0.745s] -- Symlinking: /home/hemraj/learn_ros2_ws/install/my_package/share/my_package/local_setup.zsh
[0.758s] -- Symlinking: /home/hemraj/learn_ros2_ws/install/my_package/share/my_package/local_setup.dsv
[0.770s] -- Symlinking: /home/hemraj/learn_ros2_ws/install/my_package/share/my_package/package.dsv
[0.782s] -- Symlinking: /home/hemraj/learn_ros2_ws/install/my_package/share/ament_index/resource_index/packages/my_package
[0.793s] -- Symlinking: /home/hemraj/learn_ros2_ws/install/my_package/share/my_package/cmake/my_packageConfig.cmake
[0.804s] -- Symlinking: /home/hemraj/learn_ros2_ws/install/my_package/share/my_package/cmake/my_packageConfig-version.cmake
[0.815s] -- Symlinking: /home/hemraj/learn_ros2_ws/install/my_package/share/my_package/package.xml
[0.831s] Invoked command in '/home/hemraj/learn_ros2_ws/build/my_package' returned '0': CMAKE_PREFIX_PATH=/home/hemraj/ros2_ws/install/my_robot_controller:/opt/ros/humble /usr/bin/cmake --install /home/hemraj/learn_ros2_ws/build/my_package
