[0.775s] Invoking command in '/home/hemraj/ros2_ws/build/my_robot_controller': PYTHONPATH=/home/hemraj/ros2_ws/build/my_robot_controller/prefix_override:/home/hemraj/ros2_ws/install/my_robot_controller/lib/python3.10/site-packages:${PYTHONPATH} /usr/bin/python3 -W ignore:setup.py install is deprecated setup.py develop --editable --build-directory /home/hemraj/ros2_ws/build/my_robot_controller/build --no-deps symlink_data --force
[1.102s] running develop
[1.124s] /usr/lib/python3/dist-packages/setuptools/command/easy_install.py:158: EasyInstallDeprecationWarning: easy_install command is deprecated. Use build and pip and other standards-based tools.
[1.124s]   warnings.warn(
[1.334s] running egg_info
[1.334s] writing my_robot_controller.egg-info/PKG-INFO
[1.335s] writing dependency_links to my_robot_controller.egg-info/dependency_links.txt
[1.335s] writing entry points to my_robot_controller.egg-info/entry_points.txt
[1.336s] writing requirements to my_robot_controller.egg-info/requires.txt
[1.336s] writing top-level names to my_robot_controller.egg-info/top_level.txt
[1.339s] reading manifest file 'my_robot_controller.egg-info/SOURCES.txt'
[1.340s] writing manifest file 'my_robot_controller.egg-info/SOURCES.txt'
[1.342s] running build_ext
[1.343s] Creating /home/hemraj/ros2_ws/install/my_robot_controller/lib/python3.10/site-packages/my-robot-controller.egg-link (link to .)
[1.344s] Installing test_node script to /home/hemraj/ros2_ws/install/my_robot_controller/lib/my_robot_controller
[1.345s] 
[1.345s] Installed /home/hemraj/ros2_ws/build/my_robot_controller
[1.345s] running symlink_data
[1.346s] symbolically linking /home/hemraj/ros2_ws/build/my_robot_controller/resource/my_robot_controller -> /home/hemraj/ros2_ws/install/my_robot_controller/share/ament_index/resource_index/packages
[1.346s] symbolically linking /home/hemraj/ros2_ws/build/my_robot_controller/package.xml -> /home/hemraj/ros2_ws/install/my_robot_controller/share/my_robot_controller
[1.398s] Invoked command in '/home/hemraj/ros2_ws/build/my_robot_controller' returned '0': PYTHONPATH=/home/hemraj/ros2_ws/build/my_robot_controller/prefix_override:/home/hemraj/ros2_ws/install/my_robot_controller/lib/python3.10/site-packages:${PYTHONPATH} /usr/bin/python3 -W ignore:setup.py install is deprecated setup.py develop --editable --build-directory /home/hemraj/ros2_ws/build/my_robot_controller/build --no-deps symlink_data --force
