[0.016s] Invoking command in '/home/hemraj/learn_ros2_ws/build/my_package': CMAKE_PREFIX_PATH=/home/hemraj/ros2_ws/install/my_robot_controller:/opt/ros/humble /usr/bin/cmake /home/hemraj/learn_ros2_ws/src/my_first_pkg -DAMENT_CMAKE_SYMLINK_INSTALL=1 -DCMAKE_INSTALL_PREFIX=/home/hemraj/learn_ros2_ws/install/my_package
[0.166s] -- The C compiler identification is GNU 11.4.0
[0.289s] -- The CXX compiler identification is GNU 11.4.0
[0.305s] -- Detecting C compiler ABI info
[0.410s] -- Detecting C compiler ABI info - done
[0.421s] -- Check for working C compiler: /usr/bin/cc - skipped
[0.422s] -- Detecting C compile features
[0.423s] -- Detecting C compile features - done
[0.428s] -- Detecting CXX compiler ABI info
[0.538s] -- Detecting CXX compiler ABI info - done
[0.550s] -- Check for working CXX compiler: /usr/bin/c++ - skipped
[0.550s] -- Detecting CXX compile features
[0.550s] -- Detecting CXX compile features - done
[0.563s] -- Found ament_cmake: 1.3.9 (/opt/ros/humble/share/ament_cmake/cmake)
[0.773s] -- Found Python3: /usr/bin/python3 (found version "3.10.12") found components: Interpreter 
[0.915s] -- Override CMake install command with custom implementation using symlinks instead of copying resources
[1.032s] [31mCMake Error at /opt/ros/humble/share/ament_cmake_core/cmake/symlink_install/install.cmake:43 (_install):
[1.032s]   _install does not recognize sub-command PARENT_DIRECTORY
[1.032s] Call Stack (most recent call first):
[1.032s]   CMakeLists.txt:23 (install)
[1.032s] 
[1.033s] [0m
[1.037s] -- Found ament_lint_auto: 0.12.11 (/opt/ros/humble/share/ament_lint_auto/cmake)
[1.220s] -- Added test 'cppcheck' to perform static code analysis on C / C++ code
[1.221s] -- Configured cppcheck include dirs: $<BUILD_INTERFACE:/home/hemraj/learn_ros2_ws/src/my_first_pkg/include>
[1.221s] -- Configured cppcheck exclude dirs and/or files: 
[1.225s] -- Added test 'flake8' to check Python code syntax and style conventions
[1.231s] -- Added test 'lint_cmake' to check CMake code style
[1.234s] -- Added test 'pep257' to check Python code against some of the docstring style conventions in PEP 257
[1.246s] -- Added test 'uncrustify' to check C / C++ code style
[1.246s] -- Configured uncrustify additional arguments: 
[1.248s] -- Added test 'xmllint' to check XML markup files
[1.254s] -- Configuring incomplete, errors occurred!
[1.254s] See also "/home/hemraj/learn_ros2_ws/build/my_package/CMakeFiles/CMakeOutput.log".
[1.263s] Invoked command in '/home/hemraj/learn_ros2_ws/build/my_package' returned '1': CMAKE_PREFIX_PATH=/home/hemraj/ros2_ws/install/my_robot_controller:/opt/ros/humble /usr/bin/cmake /home/hemraj/learn_ros2_ws/src/my_first_pkg -DAMENT_CMAKE_SYMLINK_INSTALL=1 -DCMAKE_INSTALL_PREFIX=/home/hemraj/learn_ros2_ws/install/my_package
