[0.771s] Invoking command in '/home/hemraj/ros2_ws/src/my_robot_controller': PYTHONPATH=/home/hemraj/ros2_ws/build/my_robot_controller/prefix_override:/home/hemraj/ros2_ws/install/my_robot_controller/lib/python3.10/site-packages:${PYTHONPATH} /usr/bin/python3 -W ignore:setup.py install is deprecated setup.py egg_info --egg-base ../../build/my_robot_controller build --build-base /home/hemraj/ros2_ws/build/my_robot_controller/build install --record /home/hemraj/ros2_ws/build/my_robot_controller/install.log --single-version-externally-managed install_data
[1.049s] running egg_info
[1.050s] writing ../../build/my_robot_controller/my_robot_controller.egg-info/PKG-INFO
[1.051s] writing dependency_links to ../../build/my_robot_controller/my_robot_controller.egg-info/dependency_links.txt
[1.051s] writing entry points to ../../build/my_robot_controller/my_robot_controller.egg-info/entry_points.txt
[1.051s] writing requirements to ../../build/my_robot_controller/my_robot_controller.egg-info/requires.txt
[1.052s] writing top-level names to ../../build/my_robot_controller/my_robot_controller.egg-info/top_level.txt
[1.054s] reading manifest file '../../build/my_robot_controller/my_robot_controller.egg-info/SOURCES.txt'
[1.056s] writing manifest file '../../build/my_robot_controller/my_robot_controller.egg-info/SOURCES.txt'
[1.056s] running build
[1.056s] running build_py
[1.058s] copying my_robot_controller/my_first_node.py -> /home/hemraj/ros2_ws/build/my_robot_controller/build/lib/my_robot_controller
[1.058s] running install
[1.059s] running install_lib
[1.060s] copying /home/hemraj/ros2_ws/build/my_robot_controller/build/lib/my_robot_controller/my_first_node.py -> /home/hemraj/ros2_ws/install/my_robot_controller/lib/python3.10/site-packages/my_robot_controller
[1.061s] byte-compiling /home/hemraj/ros2_ws/install/my_robot_controller/lib/python3.10/site-packages/my_robot_controller/my_first_node.py to my_first_node.cpython-310.pyc
[1.061s] running install_data
[1.061s] running install_egg_info
[1.063s] removing '/home/hemraj/ros2_ws/install/my_robot_controller/lib/python3.10/site-packages/my_robot_controller-0.0.0-py3.10.egg-info' (and everything under it)
[1.063s] Copying ../../build/my_robot_controller/my_robot_controller.egg-info to /home/hemraj/ros2_ws/install/my_robot_controller/lib/python3.10/site-packages/my_robot_controller-0.0.0-py3.10.egg-info
[1.065s] running install_scripts
[1.094s] Installing test_node script to /home/hemraj/ros2_ws/install/my_robot_controller/lib/my_robot_controller
[1.094s] writing list of installed files to '/home/hemraj/ros2_ws/build/my_robot_controller/install.log'
[1.135s] Invoked command in '/home/hemraj/ros2_ws/src/my_robot_controller' returned '0': PYTHONPATH=/home/hemraj/ros2_ws/build/my_robot_controller/prefix_override:/home/hemraj/ros2_ws/install/my_robot_controller/lib/python3.10/site-packages:${PYTHONPATH} /usr/bin/python3 -W ignore:setup.py install is deprecated setup.py egg_info --egg-base ../../build/my_robot_controller build --build-base /home/hemraj/ros2_ws/build/my_robot_controller/build install --record /home/hemraj/ros2_ws/build/my_robot_controller/install.log --single-version-externally-managed install_data
